#
# A fatal error has been detected by the Java Runtime Environment:
#
#  EXCEPTION_ACCESS_VIOLATION (0xc0000005) at pc=0x0000000000000000, pid=8400, tid=7712
#
# JRE version: Java(TM) SE Runtime Environment (8.0-b132) (build 1.8.0-b132)
# Java VM: Java HotSpot(TM) 64-Bit Server VM (25.0-b70 mixed mode windows-amd64 compressed oops)
# Problematic frame:
# C  0x0000000000000000
#
# Failed to write core dump. Minidumps are not enabled by default on client versions of Windows
#
# If you would like to submit a bug report, please visit:
#   http://bugreport.sun.com/bugreport/crash.jsp
#

---------------  T H R E A D  ---------------

Current thread (0x00000000580db000):  JavaThread "Daemon worker Thread 5" [_thread_in_Java, id=7712, stack(0x00000000591b0000,0x00000000592b0000)]

siginfo: ExceptionCode=0xc0000005, ExceptionInformation=0x0000000000000008 0x0000000000000000

Registers:
RAX=0x00000000fdd03ec8, RBX=0x0000000014669fb8, RCX=0x00000000c0855730, RDX=0x00000000c0855730
RSP=0x00000000592acb50, RBP=0x000000005fecaf38, RSI=0x00000000c0852f18, RDI=0x00000000608e2c68
R8 =0x00000000fdd03dc8, R9 =0x00000000c0856068, R10=0x00000000f2fa1e90, R11=0x000000000285b9e0
R12=0x0000000000000000, R13=0x00000000592acae0, R14=0x0000000000000001, R15=0x00000000580db000
RIP=0x0000000000000000, EFLAGS=0x0000000000010246

Top of Stack: (sp=0x00000000592acb50)
0x00000000592acb50:   000000005fecaea0 0000000000000000
0x00000000592acb60:   00000000592acb90 00000000034f5714
0x00000000592acb70:   00000000034f5714 00000000f2fa1e90
0x00000000592acb80:   00000000c0855730 00000000c08512f8
0x00000000592acb90:   0000000000000015 00000000023e7380
0x00000000592acba0:   00000000f2fa1b88 00000000592acc10
0x00000000592acbb0:   00000000592ace58 0000000002d47d0c
0x00000000592acbc0:   00000000592acdf0 000000000426557c
0x00000000592acbd0:   00000000580db000 000000005a5b9740
0x00000000592acbe0:   0000000000000014 00000000031916f1
0x00000000592acbf0:   0000000054210648 00000000f2fa1cf0
0x00000000592acc00:   00000000f2fa1e90 0000000002ee8470
0x00000000592acc10:   00000000592acd40 00000000031790ec
0x00000000592acc20:   00000000f2fa1d90 00000000f2fa1dd0
0x00000000592acc30:   0000000063816f88 00000000fdd03eb0
0x00000000592acc40:   00000000fdd03e98 00000000f2fa1e90 

Instructions: (pc=0x0000000000000000)
0xffffffffffffffe0:   


Register to memory mapping:

RAX=0x00000000fdd03ec8 is an oop
com.android.build.gradle.internal.packaging.ParsedPackagingOptions$$Lambda$330/184765432 
 - klass: 'com/android/build/gradle/internal/packaging/ParsedPackagingOptions$$Lambda$330'
RBX=0x0000000014669fb8 is an unknown value
RCX=0x00000000c0855730 is an oop
java.lang.invoke.DirectMethodHandle$Accessor 
 - klass: 'java/lang/invoke/DirectMethodHandle$Accessor'
RDX=0x00000000c0855730 is an oop
java.lang.invoke.DirectMethodHandle$Accessor 
 - klass: 'java/lang/invoke/DirectMethodHandle$Accessor'
RSP=0x00000000592acb50 is pointing into the stack for thread: 0x00000000580db000
RBP=0x000000005fecaf38 is an unknown value
RSI=0x00000000c0852f18 is an oop
java.lang.Class 
 - klass: 'java/lang/Class'
RDI=0x00000000608e2c68 is an unknown value
R8 =0x00000000fdd03dc8 is an oop
java.lang.invoke.BoundMethodHandle$Species_L 
 - klass: 'java/lang/invoke/BoundMethodHandle$Species_L'
R9 =0x00000000c0856068 is an oop
java.lang.invoke.MemberName 
 - klass: 'java/lang/invoke/MemberName'
R10=0x00000000f2fa1e90 is an oop
[Ljava.lang.Object; 
 - klass: 'java/lang/Object'[]
 - length: 1
R11=0x000000000285b9e0 is at entry_point+0 in (nmethod*)0x000000000285b890
R12=0x0000000000000000 is an unknown value
R13=0x00000000592acae0 is pointing into the stack for thread: 0x00000000580db000
R14=0x0000000000000001 is an unknown value
R15=0x00000000580db000 is a thread


Stack: [0x00000000591b0000,0x00000000592b0000],  sp=0x00000000592acb50,  free space=1010k
Native frames: (J=compiled Java code, j=interpreted, Vv=VM code, C=native code)


---------------  P R O C E S S  ---------------

Java Threads: ( => current thread )
  0x00000000580d9000 JavaThread "Stdin handler" [_thread_blocked, id=5272, stack(0x00000000611f0000,0x00000000612f0000)]
  0x00000000580dc000 JavaThread "Asynchronous log dispatcher for org.gradle.launcher.daemon.server.DefaultDaemonConnection@b705b2" [_thread_blocked, id=8772, stack(0x000000005d680000,0x000000005d780000)]
=>0x00000000580db000 JavaThread "Daemon worker Thread 5" [_thread_in_Java, id=7712, stack(0x00000000591b0000,0x00000000592b0000)]
  0x00000000580da800 JavaThread "Cancel handler" [_thread_blocked, id=4108, stack(0x000000005ad00000,0x000000005ae00000)]
  0x00000000580d9800 JavaThread "Handler for socket connection from /127.0.0.1:50386 to /127.0.0.1:50445" [_thread_in_native, id=5980, stack(0x0000000056d40000,0x0000000056e40000)]
  0x00000000580d6800 JavaThread "Daemon Thread 5" [_thread_blocked, id=7452, stack(0x0000000058aa0000,0x0000000058ba0000)]
  0x000000005edea800 JavaThread "pool-6-thread-3" [_thread_blocked, id=1392, stack(0x000000005a320000,0x000000005a420000)]
  0x000000005eded000 JavaThread "pool-6-thread-2" [_thread_blocked, id=6912, stack(0x00000000639d0000,0x0000000063ad0000)]
  0x00000000580d6000 JavaThread "pool-6-thread-1" [_thread_blocked, id=5720, stack(0x000000005e8b0000,0x000000005e9b0000)]
  0x000000005852f800 JavaThread "File lock request listener" [_thread_in_native, id=5276, stack(0x000000005b8f0000,0x000000005b9f0000)]
  0x0000000057402800 JavaThread "Incoming local TCP Connector on port 50386" [_thread_in_native, id=7744, stack(0x0000000058ea0000,0x0000000058fa0000)]
  0x00000000576d1000 JavaThread "pool-1-thread-1" [_thread_blocked, id=7692, stack(0x0000000058cd0000,0x0000000058dd0000)]
  0x0000000056068800 JavaThread "Service Thread" daemon [_thread_blocked, id=7620, stack(0x0000000056c20000,0x0000000056d20000)]
  0x000000005600e000 JavaThread "C1 CompilerThread2" daemon [_thread_blocked, id=7556, stack(0x0000000056ab0000,0x0000000056bb0000)]
  0x000000005600d000 JavaThread "C2 CompilerThread1" daemon [_thread_blocked, id=3944, stack(0x0000000055df0000,0x0000000055ef0000)]
  0x0000000054c0b000 JavaThread "C2 CompilerThread0" daemon [_thread_in_native, id=6892, stack(0x00000000568f0000,0x00000000569f0000)]
  0x0000000055ffe800 JavaThread "Attach Listener" daemon [_thread_blocked, id=7588, stack(0x0000000056700000,0x0000000056800000)]
  0x000000005600a800 JavaThread "Signal Dispatcher" daemon [_thread_blocked, id=6880, stack(0x00000000564d0000,0x00000000565d0000)]
  0x0000000054ba5800 JavaThread "Finalizer" daemon [_thread_blocked, id=6924, stack(0x0000000055ef0000,0x0000000055ff0000)]
  0x0000000054b9a000 JavaThread "Reference Handler" daemon [_thread_blocked, id=6176, stack(0x0000000055b30000,0x0000000055c30000)]
  0x00000000020ff000 JavaThread "main" [_thread_blocked, id=9080, stack(0x00000000022e0000,0x00000000023e0000)]

Other Threads:
  0x0000000054b96800 VMThread [stack: 0x0000000055c70000,0x0000000055d70000] [id=7912]
  0x0000000056071000 WatcherThread [stack: 0x0000000056e70000,0x0000000056f70000] [id=7872]

VM state:synchronizing (normal execution)

VM Mutex/Monitor currently owned by a thread:  ([mutex/lock_event])
[0x00000000020fcf90] Safepoint_lock - owner thread: 0x0000000054b96800
[0x00000000020fd010] Threads_lock - owner thread: 0x0000000054b96800

Heap:
 PSYoungGen      total 304640K, used 157074K [0x00000000eab00000, 0x00000000ffd00000, 0x0000000100000000)
  eden space 262656K, 52% used [0x00000000eab00000,0x00000000f320cd70,0x00000000fab80000)
  from space 41984K, 44% used [0x00000000fd400000,0x00000000fe657cb8,0x00000000ffd00000)
  to   space 41472K, 0% used [0x00000000fab80000,0x00000000fab80000,0x00000000fd400000)
 ParOldGen       total 145920K, used 58196K [0x00000000c0000000, 0x00000000c8e80000, 0x00000000eab00000)
  object space 145920K, 39% used [0x00000000c0000000,0x00000000c38d5250,0x00000000c8e80000)
 Metaspace       used 80825K, capacity 84926K, committed 85120K, reserved 1122304K
  class space    used 10830K, capacity 11504K, committed 11648K, reserved 1048576K

Card table byte_map: [0x00000000117a0000,0x00000000119b0000] byte_map_base: 0x00000000111a0000

Marking Bits: (ParMarkBitMap*) 0x000000005ac413b0
 Begin Bits: [0x0000000012010000, 0x0000000013010000)
 End Bits:   [0x0000000013010000, 0x0000000014010000)

Polling page: 0x0000000000320000

CodeCache: size=245760Kb used=47938Kb max_used=48063Kb free=197821Kb
 bounds [0x00000000023e0000, 0x00000000053d0000, 0x00000000113e0000]
 total_blobs=14802 nmethods=14018 adapters=695
 compilation: enabled

Compilation events (10 events):
Event: 5664.991 Thread 0x000000005600e000 35958       3       org.gradle.api.internal.artifacts.configurations.DefaultConfiguration$ConfigurationResolvableDependencies::toString (31 bytes)
Event: 5664.992 Thread 0x000000005600e000 nmethod 35958 0x0000000003108cd0 code [0x0000000003108ea0, 0x0000000003109698]
Event: 5664.992 Thread 0x000000005600e000 35957       3       org.gradle.internal.logging.progress.DefaultProgressLoggerFactory::newOperation (7 bytes)
Event: 5664.992 Thread 0x000000005600e000 nmethod 35957 0x0000000003a65410 code [0x0000000003a65580, 0x0000000003a65708]
Event: 5664.993 Thread 0x000000005600e000 35964       3       com.google.common.cache.LocalCache::refreshes (15 bytes)
Event: 5664.993 Thread 0x000000005600e000 nmethod 35964 0x0000000003a65090 code [0x0000000003a651e0, 0x0000000003a65390]
Event: 5664.994 Thread 0x000000005600e000 35965       1       com.android.build.gradle.internal.scope.GlobalScope::getGeneratedDir (5 bytes)
Event: 5664.994 Thread 0x000000005600e000 nmethod 35965 0x0000000003108a10 code [0x0000000003108b60, 0x0000000003108c70]
Event: 5664.996 Thread 0x000000005600d000 35966       4       java.lang.invoke.LambdaForm$DMH/1123526044::invokeStatic_LL_L (15 bytes)
Event: 5664.997 Thread 0x000000005600d000 nmethod 35966 0x0000000003105a50 code [0x0000000003105ba0, 0x0000000003105c48]

GC Heap History (10 events):
Event: 2638.002 GC heap before
{Heap before GC invocations=106 (full 21):
 PSYoungGen      total 297472K, used 250368K [0x00000000eab00000, 0x00000000ffc80000, 0x0000000100000000)
  eden space 250368K, 100% used [0x00000000eab00000,0x00000000f9f80000,0x00000000f9f80000)
  from space 47104K, 0% used [0x00000000fce80000,0x00000000fce80000,0x00000000ffc80000)
  to   space 47616K, 0% used [0x00000000f9f80000,0x00000000f9f80000,0x00000000fce00000)
 ParOldGen       total 145920K, used 100181K [0x00000000c0000000, 0x00000000c8e80000, 0x00000000eab00000)
  object space 145920K, 68% used [0x00000000c0000000,0x00000000c61d5660,0x00000000c8e80000)
 Metaspace       used 70360K, capacity 73410K, committed 74752K, reserved 1114112K
  class space    used 9363K, capacity 9879K, committed 10240K, reserved 1048576K
Event: 2638.022 GC heap after
Heap after GC invocations=106 (full 21):
 PSYoungGen      total 297984K, used 9846K [0x00000000eab00000, 0x00000000ffb80000, 0x0000000100000000)
  eden space 250368K, 0% used [0x00000000eab00000,0x00000000eab00000,0x00000000f9f80000)
  from space 47616K, 20% used [0x00000000f9f80000,0x00000000fa91dba8,0x00000000fce00000)
  to   space 45056K, 0% used [0x00000000fcf80000,0x00000000fcf80000,0x00000000ffb80000)
 ParOldGen       total 145920K, used 100189K [0x00000000c0000000, 0x00000000c8e80000, 0x00000000eab00000)
  object space 145920K, 68% used [0x00000000c0000000,0x00000000c61d7660,0x00000000c8e80000)
 Metaspace       used 70360K, capacity 73410K, committed 74752K, reserved 1114112K
  class space    used 9363K, capacity 9879K, committed 10240K, reserved 1048576K
}
Event: 2638.215 GC heap before
{Heap before GC invocations=107 (full 21):
 PSYoungGen      total 297984K, used 17508K [0x00000000eab00000, 0x00000000ffb80000, 0x0000000100000000)
  eden space 250368K, 3% used [0x00000000eab00000,0x00000000eb27b688,0x00000000f9f80000)
  from space 47616K, 20% used [0x00000000f9f80000,0x00000000fa91dba8,0x00000000fce00000)
  to   space 45056K, 0% used [0x00000000fcf80000,0x00000000fcf80000,0x00000000ffb80000)
 ParOldGen       total 145920K, used 100189K [0x00000000c0000000, 0x00000000c8e80000, 0x00000000eab00000)
  object space 145920K, 68% used [0x00000000c0000000,0x00000000c61d7660,0x00000000c8e80000)
 Metaspace       used 70361K, capacity 73410K, committed 74752K, reserved 1114112K
  class space    used 9363K, capacity 9879K, committed 10240K, reserved 1048576K
Event: 2638.218 GC heap after
Heap after GC invocations=107 (full 21):
 PSYoungGen      total 297472K, used 160K [0x00000000eab00000, 0x00000000ff980000, 0x0000000100000000)
  eden space 254464K, 0% used [0x00000000eab00000,0x00000000eab00000,0x00000000fa380000)
  from space 43008K, 0% used [0x00000000fcf80000,0x00000000fcfa8000,0x00000000ff980000)
  to   space 44032K, 0% used [0x00000000fa380000,0x00000000fa380000,0x00000000fce80000)
 ParOldGen       total 145920K, used 100237K [0x00000000c0000000, 0x00000000c8e80000, 0x00000000eab00000)
  object space 145920K, 68% used [0x00000000c0000000,0x00000000c61e3660,0x00000000c8e80000)
 Metaspace       used 70361K, capacity 73410K, committed 74752K, reserved 1114112K
  class space    used 9363K, capacity 9879K, committed 10240K, reserved 1048576K
}
Event: 2638.218 GC heap before
{Heap before GC invocations=108 (full 22):
 PSYoungGen      total 297472K, used 160K [0x00000000eab00000, 0x00000000ff980000, 0x0000000100000000)
  eden space 254464K, 0% used [0x00000000eab00000,0x00000000eab00000,0x00000000fa380000)
  from space 43008K, 0% used [0x00000000fcf80000,0x00000000fcfa8000,0x00000000ff980000)
  to   space 44032K, 0% used [0x00000000fa380000,0x00000000fa380000,0x00000000fce80000)
 ParOldGen       total 145920K, used 100237K [0x00000000c0000000, 0x00000000c8e80000, 0x00000000eab00000)
  object space 145920K, 68% used [0x00000000c0000000,0x00000000c61e3660,0x00000000c8e80000)
 Metaspace       used 70361K, capacity 73410K, committed 74752K, reserved 1114112K
  class space    used 9363K, capacity 9879K, committed 10240K, reserved 1048576K
Event: 2639.034 GC heap after
Heap after GC invocations=108 (full 22):
 PSYoungGen      total 297472K, used 0K [0x00000000eab00000, 0x00000000ff980000, 0x0000000100000000)
  eden space 254464K, 0% used [0x00000000eab00000,0x00000000eab00000,0x00000000fa380000)
  from space 43008K, 0% used [0x00000000fcf80000,0x00000000fcf80000,0x00000000ff980000)
  to   space 44032K, 0% used [0x00000000fa380000,0x00000000fa380000,0x00000000fce80000)
 ParOldGen       total 145920K, used 58180K [0x00000000c0000000, 0x00000000c8e80000, 0x00000000eab00000)
  object space 145920K, 39% used [0x00000000c0000000,0x00000000c38d1250,0x00000000c8e80000)
 Metaspace       used 70333K, capacity 73338K, committed 74752K, reserved 1114112K
  class space    used 9356K, capacity 9867K, committed 10240K, reserved 1048576K
}
Event: 5655.229 GC heap before
{Heap before GC invocations=109 (full 22):
 PSYoungGen      total 297472K, used 254464K [0x00000000eab00000, 0x00000000ff980000, 0x0000000100000000)
  eden space 254464K, 100% used [0x00000000eab00000,0x00000000fa380000,0x00000000fa380000)
  from space 43008K, 0% used [0x00000000fcf80000,0x00000000fcf80000,0x00000000ff980000)
  to   space 44032K, 0% used [0x00000000fa380000,0x00000000fa380000,0x00000000fce80000)
 ParOldGen       total 145920K, used 58180K [0x00000000c0000000, 0x00000000c8e80000, 0x00000000eab00000)
  object space 145920K, 39% used [0x00000000c0000000,0x00000000c38d1250,0x00000000c8e80000)
 Metaspace       used 73915K, capacity 77128K, committed 78208K, reserved 1116160K
  class space    used 9848K, capacity 10402K, committed 10624K, reserved 1048576K
Event: 5655.256 GC heap after
Heap after GC invocations=109 (full 22):
 PSYoungGen      total 298496K, used 8138K [0x00000000eab00000, 0x00000000ffd00000, 0x0000000100000000)
  eden space 254464K, 0% used [0x00000000eab00000,0x00000000eab00000,0x00000000fa380000)
  from space 44032K, 18% used [0x00000000fa380000,0x00000000fab72968,0x00000000fce80000)
  to   space 41984K, 0% used [0x00000000fd400000,0x00000000fd400000,0x00000000ffd00000)
 ParOldGen       total 145920K, used 58188K [0x00000000c0000000, 0x00000000c8e80000, 0x00000000eab00000)
  object space 145920K, 39% used [0x00000000c0000000,0x00000000c38d3250,0x00000000c8e80000)
 Metaspace       used 73915K, capacity 77128K, committed 78208K, reserved 1116160K
  class space    used 9848K, capacity 10402K, committed 10624K, reserved 1048576K
}
Event: 5657.618 GC heap before
{Heap before GC invocations=110 (full 22):
 PSYoungGen      total 298496K, used 262602K [0x00000000eab00000, 0x00000000ffd00000, 0x0000000100000000)
  eden space 254464K, 100% used [0x00000000eab00000,0x00000000fa380000,0x00000000fa380000)
  from space 44032K, 18% used [0x00000000fa380000,0x00000000fab72968,0x00000000fce80000)
  to   space 41984K, 0% used [0x00000000fd400000,0x00000000fd400000,0x00000000ffd00000)
 ParOldGen       total 145920K, used 58188K [0x00000000c0000000, 0x00000000c8e80000, 0x00000000eab00000)
  object space 145920K, 39% used [0x00000000c0000000,0x00000000c38d3250,0x00000000c8e80000)
 Metaspace       used 77686K, capacity 81288K, committed 81792K, reserved 1120256K
  class space    used 10416K, capacity 11037K, committed 11136K, reserved 1048576K
Event: 5657.842 GC heap after
Heap after GC invocations=110 (full 22):
 PSYoungGen      total 304640K, used 18783K [0x00000000eab00000, 0x00000000ffd00000, 0x0000000100000000)
  eden space 262656K, 0% used [0x00000000eab00000,0x00000000eab00000,0x00000000fab80000)
  from space 41984K, 44% used [0x00000000fd400000,0x00000000fe657cb8,0x00000000ffd00000)
  to   space 41472K, 0% used [0x00000000fab80000,0x00000000fab80000,0x00000000fd400000)
 ParOldGen       total 145920K, used 58196K [0x00000000c0000000, 0x00000000c8e80000, 0x00000000eab00000)
  object space 145920K, 39% used [0x00000000c0000000,0x00000000c38d5250,0x00000000c8e80000)
 Metaspace       used 77686K, capacity 81288K, committed 81792K, reserved 1120256K
  class space    used 10416K, capacity 11037K, committed 11136K, reserved 1048576K
}

Deoptimization events (10 events):
Event: 5656.114 Thread 0x00000000580db000 Uncommon trap: reason=bimorphic action=maybe_recompile pc=0x0000000002ff1ad4 method=com.sun.org.apache.xerces.internal.impl.XMLNSDocumentScannerImpl.scanStartElement()Z @ 1005
Event: 5656.114 Thread 0x00000000580db000 Uncommon trap: reason=bimorphic action=maybe_recompile pc=0x0000000002ff1ad4 method=com.sun.org.apache.xerces.internal.impl.XMLNSDocumentScannerImpl.scanStartElement()Z @ 1005
Event: 5656.114 Thread 0x00000000580db000 Uncommon trap: reason=bimorphic action=maybe_recompile pc=0x0000000002ff1ad4 method=com.sun.org.apache.xerces.internal.impl.XMLNSDocumentScannerImpl.scanStartElement()Z @ 1005
Event: 5656.114 Thread 0x00000000580db000 Uncommon trap: reason=bimorphic action=maybe_recompile pc=0x0000000002ff1ad4 method=com.sun.org.apache.xerces.internal.impl.XMLNSDocumentScannerImpl.scanStartElement()Z @ 1005
Event: 5657.325 Thread 0x00000000580db000 Uncommon trap: reason=null_check action=make_not_entrant pc=0x0000000005302b84 method=java.beans.MethodRef.get()Ljava/lang/reflect/Method; @ 16
Event: 5658.632 Thread 0x00000000580db000 Uncommon trap: reason=unreached action=reinterpret pc=0x000000000507b8cc method=org.apache.ivy.core.module.descriptor.DefaultDependencyDescriptor.getCollectionForConfiguration(Ljava/lang/String;Ljava/util/Map;)Ljava/util/Set; @ 1
Event: 5659.561 Thread 0x00000000580db000 Uncommon trap: reason=null_check action=make_not_entrant pc=0x0000000002e05f68 method=org.codehaus.groovy.reflection.ClassInfo.getWeakMetaClass()Lgroovy/lang/MetaClass; @ 17
Event: 5659.829 Thread 0x00000000580db000 Uncommon trap: reason=null_check action=make_not_entrant pc=0x00000000027530e0 method=org.gradle.api.internal.collections.CollectionFilter.filter(Ljava/lang/Object;)Ljava/lang/Object; @ 5
Event: 5661.779 Thread 0x00000000580db000 Uncommon trap: reason=unreached action=reinterpret pc=0x00000000052b65c4 method=org.gradle.internal.reflect.ClassInspector.inspectClass(Ljava/lang/Class;Lorg/gradle/internal/reflect/MutableClassDetails;)V @ 106
Event: 5661.785 Thread 0x00000000580db000 Uncommon trap: reason=unreached action=reinterpret pc=0x00000000033dcacc method=org.gradle.api.internal.project.taskfactory.AnnotationProcessingTaskFactory.isGetter(Ljava/lang/reflect/Method;)Z @ 19

Internal exceptions (10 events):
Event: 5664.542 Thread 0x00000000580db000 Exception <a 'java/security/PrivilegedActionException'> (0x00000000f2957508) thrown at [D:\re\workspace\8-2-build-windows-amd64-cygwin\jdk8\2238\hotspot\src\share\vm\prims\jvm.cpp, line 1248]
Event: 5664.542 Thread 0x00000000580db000 Exception <a 'java/security/PrivilegedActionException'> (0x00000000f2958b00) thrown at [D:\re\workspace\8-2-build-windows-amd64-cygwin\jdk8\2238\hotspot\src\share\vm\prims\jvm.cpp, line 1248]
Event: 5664.542 Thread 0x00000000580db000 Exception <a 'java/security/PrivilegedActionException'> (0x00000000f2959f98) thrown at [D:\re\workspace\8-2-build-windows-amd64-cygwin\jdk8\2238\hotspot\src\share\vm\prims\jvm.cpp, line 1248]
Event: 5664.543 Thread 0x00000000580db000 Exception <a 'java/security/PrivilegedActionException'> (0x00000000f29602b0) thrown at [D:\re\workspace\8-2-build-windows-amd64-cygwin\jdk8\2238\hotspot\src\share\vm\prims\jvm.cpp, line 1248]
Event: 5664.543 Thread 0x00000000580db000 Exception <a 'java/lang/ClassNotFoundException': com/android/build/gradle/tasks/AndroidJarTaskCustomizer> (0x00000000f2960b40) thrown at [D:\re\workspace\8-2-build-windows-amd64-cygwin\jdk8\2238\hotspot\src\share\vm\classfile\systemDictionary.cpp, line 202)09é ∂@
Event: 5664.556 Thread 0x00000000580db000 Exception <a 'java/security/PrivilegedActionException'> (0x00000000f2cee2b8) thrown at [D:\re\workspace\8-2-build-windows-amd64-cygwin\jdk8\2238\hotspot\src\share\vm\prims\jvm.cpp, line 1248]
Event: 5664.556 Thread 0x00000000580db000 Exception <a 'java/security/PrivilegedActionException'> (0x00000000f2cef988) thrown at [D:\re\workspace\8-2-build-windows-amd64-cygwin\jdk8\2238\hotspot\src\share\vm\prims\jvm.cpp, line 1248]
Event: 5664.556 Thread 0x00000000580db000 Exception <a 'java/security/PrivilegedActionException'> (0x00000000f2cf0eb8) thrown at [D:\re\workspace\8-2-build-windows-amd64-cygwin\jdk8\2238\hotspot\src\share\vm\prims\jvm.cpp, line 1248]
Event: 5664.556 Thread 0x00000000580db000 Exception <a 'java/security/PrivilegedActionException'> (0x00000000f2cf7cb0) thrown at [D:\re\workspace\8-2-build-windows-amd64-cygwin\jdk8\2238\hotspot\src\share\vm\prims\jvm.cpp, line 1248]
Event: 5664.556 Thread 0x00000000580db000 Exception <a 'java/lang/ClassNotFoundException': com/android/build/gradle/tasks/AndroidJarTask_DecoratedCustomizer> (0x00000000f2cf8558) thrown at [D:\re\workspace\8-2-build-windows-amd64-cygwin\jdk8\2238\hotspot\src\share\vm\classfile\systemDictionary.cpp≈c’ä ∂@

Events (10 events):
Event: 5664.565 loading class com/google/common/collect/ImmutableSet$Builder
Event: 5664.565 loading class com/google/common/collect/ImmutableSet$Builder done
Event: 5664.565 loading class com/google/common/collect/ImmutableSet$Builder
Event: 5664.565 loading class com/google/common/collect/ImmutableSet$Builder done
Event: 5664.565 loading class com/google/common/collect/ImmutableSet$Builder
Event: 5664.565 loading class com/google/common/collect/ImmutableSet$Builder done
Event: 5664.565 loading class com/google/common/collect/ImmutableSet
Event: 5664.565 loading class com/google/common/collect/ImmutableSet done
Event: 5664.565 loading class com/google/common/collect/ImmutableSet$Builder
Event: 5664.565 loading class com/google/common/collect/ImmutableSet$Builder done


Dynamic libraries:
0x000000013f970000 - 0x000000013f9a4000 	F:\jdk1.8.0\bin\java.exe
0x0000000077a00000 - 0x0000000077baa000 	C:\Windows\SYSTEM32\ntdll.dll
0x00000000778e0000 - 0x00000000779ff000 	C:\Windows\system32\kernel32.dll
0x000007fefd830000 - 0x000007fefd89a000 	C:\Windows\system32\KERNELBASE.dll
0x000007fefe7e0000 - 0x000007fefe8bb000 	C:\Windows\system32\ADVAPI32.dll
0x000007fefe9a0000 - 0x000007fefea3f000 	C:\Windows\system32\msvcrt.dll
0x000007fefdbf0000 - 0x000007fefdc0f000 	C:\Windows\SYSTEM32\sechost.dll
0x000007feffbe0000 - 0x000007feffd0d000 	C:\Windows\system32\RPCRT4.dll
0x00000000776a0000 - 0x000000007779a000 	C:\Windows\system32\USER32.dll
0x000007fefec50000 - 0x000007fefecb7000 	C:\Windows\system32\GDI32.dll
0x000007fefe3c0000 - 0x000007fefe3ce000 	C:\Windows\system32\LPK.dll
0x000007fefe680000 - 0x000007fefe74b000 	C:\Windows\system32\USP10.dll
0x000007fefc150000 - 0x000007fefc344000 	C:\Windows\WinSxS\amd64_microsoft.windows.common-controls_6595b64144ccf1df_6.0.7601.18837_none_fa3b1e3d17594757\COMCTL32.dll
0x000007fefe340000 - 0x000007fefe3b1000 	C:\Windows\system32\SHLWAPI.dll
0x000007fefe650000 - 0x000007fefe67e000 	C:\Windows\system32\IMM32.DLL
0x000007fefea40000 - 0x000007fefeb49000 	C:\Windows\system32\MSCTF.dll
0x0000000060c90000 - 0x0000000060d62000 	F:\jdk1.8.0\jre\bin\msvcr100.dll
0x000000005a490000 - 0x000000005acba000 	F:\jdk1.8.0\jre\bin\server\jvm.dll
0x000007fefb110000 - 0x000007fefb119000 	C:\Windows\system32\WSOCK32.dll
0x000007fefe2f0000 - 0x000007fefe33d000 	C:\Windows\system32\WS2_32.dll
0x000007fefe2e0000 - 0x000007fefe2e8000 	C:\Windows\system32\NSI.dll
0x000007fefd8c0000 - 0x000007fefd8fb000 	C:\Windows\system32\WINMM.dll
0x0000000077bd0000 - 0x0000000077bd7000 	C:\Windows\system32\PSAPI.DLL
0x0000000069ce0000 - 0x0000000069cef000 	F:\jdk1.8.0\jre\bin\verify.dll
0x0000000061360000 - 0x0000000061388000 	F:\jdk1.8.0\jre\bin\java.dll
0x0000000064ce0000 - 0x0000000064cf6000 	F:\jdk1.8.0\jre\bin\zip.dll
0x000007fefee50000 - 0x000007feffbda000 	C:\Windows\system32\SHELL32.dll
0x000007fefdfb0000 - 0x000007fefe1ac000 	C:\Windows\system32\ole32.dll
0x000007fefd6e0000 - 0x000007fefd6ef000 	C:\Windows\system32\profapi.dll
0x0000000060c70000 - 0x0000000060c8a000 	F:\jdk1.8.0\jre\bin\net.dll
0x000007fefd000000 - 0x000007fefd055000 	C:\Windows\system32\mswsock.dll
0x000007fefcff0000 - 0x000007fefcff7000 	C:\Windows\System32\wship6.dll
0x0000000060c50000 - 0x0000000060c61000 	F:\jdk1.8.0\jre\bin\nio.dll
0x000007fef6d60000 - 0x000007fef6d72000 	C:\Users\admin\.gradle\caches\2.2.1\native\19\windows-amd64\native-platform.dll
0x000007fefd060000 - 0x000007fefd078000 	C:\Windows\system32\CRYPTSP.dll
0x000007fefcc70000 - 0x000007fefccb7000 	C:\Windows\system32\rsaenh.dll
0x000007fefc9f0000 - 0x000007fefca0e000 	C:\Windows\system32\USERENV.dll
0x000007fefd610000 - 0x000007fefd61f000 	C:\Windows\system32\CRYPTBASE.dll
0x000007fefb970000 - 0x000007fefb985000 	C:\Windows\system32\NLAapi.dll
0x000007fef8290000 - 0x000007fef82a5000 	C:\Windows\system32\napinsp.dll
0x000007fef8270000 - 0x000007fef8289000 	C:\Windows\system32\pnrpnsp.dll
0x000007fefce80000 - 0x000007fefcedb000 	C:\Windows\system32\DNSAPI.dll
0x000007fef8260000 - 0x000007fef826b000 	C:\Windows\System32\winrnr.dll
0x000007fef8250000 - 0x000007fef8260000 	C:\Windows\system32\wshbth.dll
0x000007fefc8d0000 - 0x000007fefc8d7000 	C:\Windows\System32\wshtcpip.dll
0x000007fefb620000 - 0x000007fefb647000 	C:\Windows\system32\IPHLPAPI.DLL
0x000007fefb610000 - 0x000007fefb61b000 	C:\Windows\system32\WINNSI.DLL
0x000007fefa030000 - 0x000007fefa038000 	C:\Windows\system32\rasadhlp.dll
0x000007fefb2f0000 - 0x000007fefb343000 	C:\Windows\System32\fwpuclnt.dll
0x000000006b830000 - 0x000000006b83d000 	F:\jdk1.8.0\jre\bin\management.dll
0x000007fefb2c0000 - 0x000007fefb2d8000 	C:\Windows\system32\dhcpcsvc.DLL
0x000007fefb7f0000 - 0x000007fefb801000 	C:\Windows\system32\dhcpcsvc6.DLL
0x000007fefd5b0000 - 0x000007fefd607000 	C:\Windows\system32\apphelp.dll
0x000000006f1c0000 - 0x000000006f1c9000 	F:\jdk1.8.0\jre\bin\attach.dll
0x000000006f0e0000 - 0x000000006f103000 	F:\jdk1.8.0\jre\bin\instrument.dll
0x000000006ec00000 - 0x000000006ec24000 	F:\jdk1.8.0\jre\bin\sunec.dll
0x000007feebab0000 - 0x000007feebbd5000 	C:\Windows\system32\dbghelp.dll

VM Arguments:
jvm_args: -XX:MaxPermSize=256m -XX:+HeapDumpOnOutOfMemoryError -Xmx1024m -Dfile.encoding=GBK -Duser.country=CN -Duser.language=zh -Duser.variant 
java_command: org.gradle.launcher.daemon.bootstrap.GradleDaemon 2.14.1
java_class_path (initial): C:\Users\admin\.gradle\caches\2.2.1\wrapper\dists\gradle-2.14.1-all\8bnwg5hd3w55iofp58khbp6yv\gradle-2.14.1\lib\gradle-launcher-2.14.1.jar
Launcher Type: SUN_STANDARD

Environment Variables:
JAVA_HOME=F:\jdk1.8.0
CLASSPATH= .;F:\jdk1.8.0\lib;F:\jdk1.8.0\lib\dt.jar;F:\jdk1.8.0\lib\tools.jar;
PATH=C:\Windows\system32;C:\Windows;C:\Windows\System32\Wbem;C:\Windows\System32\WindowsPowerShell\v1.0\;C:\Program Files (x86)\ATI Technologies\ATI.ACE\Core-Static;F:\jdk1.8.0\bin;F:\adt-bundle-windows-x86_64_20140101\sdk\platform-tools;F:\adt-bundle-windows-x86_64_20140101\sdk\tools;F:\Android_SDK\platform-tools;F:\Android_SDK\tools;D:\Program files\SVN\bin;D:\Program files\GIT\Git\cmd;D:\IDETOOL\apache-tomcat-7.0.52\bin;D:\IDETOOL\nodejs\;C:\Users\admin\AppData\Local\Programs\Python\Python35\Scripts\;C:\Users\admin\AppData\Local\Programs\Python\Python35\;D:\IDETOOL\nodejs\node_global;D:\server_java\apache-maven-3.5.2-bin\apache-maven-3.5.2\bin
USERNAME=admin
OS=Windows_NT
PROCESSOR_IDENTIFIER=Intel64 Family 6 Model 69 Stepping 1, GenuineIntel



---------------  S Y S T E M  ---------------

OS: Windows 7 , 64 bit Build 7601 Service Pack 1

CPU:total 4 (2 cores per cpu, 2 threads per core) family 6 model 69 stepping 1, cmov, cx8, fxsr, mmx, sse, sse2, sse3, ssse3, sse4.1, sse4.2, popcnt, avx, avx2, aes, clmul, erms, ht, tsc, tscinvbit

Memory: 4k page, physical 8122612k(1893024k free), swap 16243364k(9589992k free)

vm_info: Java HotSpot(TM) 64-Bit Server VM (25.0-b70) for windows-amd64 JRE (1.8.0-b132), built on Mar  4 2014 03:46:18 by "java_re" with MS VC++ 10.0 (VS2010)

time: Tue Dec 05 11:06:53 2017
elapsed time: 5666 seconds

