#
# A fatal error has been detected by the Java Runtime Environment:
#
#  EXCEPTION_ACCESS_VIOLATION (0xc0000005) at pc=0x0000000061ecb2e8, pid=14384, tid=15288
#
# JRE version: Java(TM) SE Runtime Environment (8.0-b132) (build 1.8.0-b132)
# Java VM: Java HotSpot(TM) 64-Bit Server VM (25.0-b70 mixed mode windows-amd64 compressed oops)
# Problematic frame:
# C  0x0000000061ecb2e8
#
# Failed to write core dump. Minidumps are not enabled by default on client versions of Windows
#
# If you would like to submit a bug report, please visit:
#   http://bugreport.sun.com/bugreport/crash.jsp
#

---------------  T H R E A D  ---------------

Current thread (0x000000005e057000):  JavaThread "Daemon worker Thread 8" [_thread_in_Java, id=15288, stack(0x000000005a520000,0x000000005a620000)]

siginfo: ExceptionCode=0xc0000005, ExceptionInformation=0x0000000000000008 0x0000000061ecb2e8

Registers:
RAX=0x00000000c2fb1190, RBX=0x000000005d846660, RCX=0x00000000023ad000, RDX=0x00000000c2fb1190
RSP=0x000000005a61ba00, RBP=0x0000000000000000, RSI=0x00000000543942a0, RDI=0x00000000000021b8
R8 =0x00000000c0a0e768, R9 =0x00000000c0a08f98, R10=0x00000000c2fb1190, R11=0x0000000002c06c00
R12=0x0000000000000000, R13=0x000000005a61b9f0, R14=0x0000000000000001, R15=0x000000005e057000
RIP=0x0000000061ecb2e8, EFLAGS=0x0000000000010246

Top of Stack: (sp=0x000000005a61ba00)
0x000000005a61ba00:   000000005a61bc00 0000000002448113
0x000000005a61ba10:   000000005a61ba40 0000000003f24d1c
0x000000005a61ba20:   0000000003f24d1c 00000000c2fb1190
0x000000005a61ba30:   00000000c0a0e748 0000000003f24d1c
0x000000005a61ba40:   eafe9938c2fb1720 00000000eae1a7f8
0x000000005a61ba50:   00000000c068b318 00000000141d09a8
0x000000005a61ba60:   00000000c2fb1720 00000000c2fb1830
0x000000005a61ba70:   000000005a61baa0 000000000595cf34
0x000000005a61ba80:   000000000595cf34 000000000595cf34
0x000000005a61ba90:   00000000eafe9b40 00000000c0a0e748
0x000000005a61baa0:   0000000000000000 0000000000000000
0x000000005a61bab0:   0000000000000000 0000000000000000
0x000000005a61bac0:   0000000000000000 000000005a61bb00
0x000000005a61bad0:   0000000000000000 0000000000000000
0x000000005a61bae0:   000000005a61bb10 0000000004987554
0x000000005a61baf0:   0000000004987554 00000000eafe9b40 

Instructions: (pc=0x0000000061ecb2e8)
0x0000000061ecb2c8:   85 61 ad ff 00 da 06 89 00 00 00 00 00 00 00 00
0x0000000061ecb2d8:   2b 00 d3 00 d4 00 00 00 00 00 01 00 2a 00 01 00
0x0000000061ecb2e8:   c8 d6 fb 5a 00 00 00 00 70 b2 ec 61 00 00 00 00
0x0000000061ecb2f8:   a8 29 b2 64 00 00 00 00 98 24 94 61 00 00 00 00 


Register to memory mapping:

RAX=0x00000000c2fb1190 is an oop
com.android.builder.internal.packaging.zip.ZFile$$Lambda$204/701665142 
 - klass: 'com/android/builder/internal/packaging/zip/ZFile$$Lambda$204'
RBX=0x000000005d846660 is an unknown value
RCX=0x00000000023ad000 is at begin+16 in a stub
MethodHandle::interpreter_entry::_linkToStatic [0x00000000023acff0, 0x00000000023ad018[ (40 bytes)
RDX=0x00000000c2fb1190 is an oop
com.android.builder.internal.packaging.zip.ZFile$$Lambda$204/701665142 
 - klass: 'com/android/builder/internal/packaging/zip/ZFile$$Lambda$204'
RSP=0x000000005a61ba00 is pointing into the stack for thread: 0x000000005e057000
RBP=0x0000000000000000 is an unknown value
RSI=0x00000000543942a0 is an unknown value
RDI=0x00000000000021b8 is an unknown value
R8 =0x00000000c0a0e768 is an oop
java.lang.invoke.MemberName 
 - klass: 'java/lang/invoke/MemberName'
R9 =0x00000000c0a08f98 is an oop
java.lang.invoke.MemberName 
 - klass: 'java/lang/invoke/MemberName'
R10=0x00000000c2fb1190 is an oop
com.android.builder.internal.packaging.zip.ZFile$$Lambda$204/701665142 
 - klass: 'com/android/builder/internal/packaging/zip/ZFile$$Lambda$204'
R11=0x0000000002c06c00 is at entry_point+0 in (nmethod*)0x0000000002c06ad0
R12=0x0000000000000000 is an unknown value
R13=0x000000005a61b9f0 is pointing into the stack for thread: 0x000000005e057000
R14=0x0000000000000001 is an unknown value
R15=0x000000005e057000 is a thread


Stack: [0x000000005a520000,0x000000005a620000],  sp=0x000000005a61ba00,  free space=1006k
Native frames: (J=compiled Java code, j=interpreted, Vv=VM code, C=native code)


---------------  P R O C E S S  ---------------

Java Threads: ( => current thread )
  0x000000005c0cb800 JavaThread "pool-29-thread-1" [_thread_blocked, id=9508, stack(0x000000006d270000,0x000000006d370000)]
  0x000000005c0cd000 JavaThread "pool-27-thread-2" [_thread_blocked, id=13516, stack(0x000000006d8a0000,0x000000006d9a0000)]
  0x00000000604d8800 JavaThread "pool-27-thread-1" [_thread_blocked, id=10644, stack(0x000000006c000000,0x000000006c100000)]
  0x000000005e052000 JavaThread "Stdin handler" [_thread_blocked, id=10096, stack(0x000000005a850000,0x000000005a950000)]
  0x000000005e055800 JavaThread "Asynchronous log dispatcher for org.gradle.launcher.daemon.server.DefaultDaemonConnection@63843f44" [_thread_blocked, id=13720, stack(0x0000000058c20000,0x0000000058d20000)]
=>0x000000005e057000 JavaThread "Daemon worker Thread 8" [_thread_in_Java, id=15288, stack(0x000000005a520000,0x000000005a620000)]
  0x000000005e055000 JavaThread "Cancel handler" [_thread_blocked, id=14780, stack(0x00000000592f0000,0x00000000593f0000)]
  0x000000005e052800 JavaThread "Handler for socket connection from /127.0.0.1:52211 to /127.0.0.1:56050" [_thread_in_native, id=14080, stack(0x000000005a410000,0x000000005a510000)]
  0x000000005e053800 JavaThread "Daemon Thread 8" [_thread_blocked, id=13344, stack(0x00000000591b0000,0x00000000592b0000)]
  0x00000000603d9000 JavaThread "pool-6-thread-4" [_thread_blocked, id=3976, stack(0x000000006bd40000,0x000000006be40000)]
  0x00000000603d7000 JavaThread "pool-6-thread-3" [_thread_blocked, id=15320, stack(0x000000006be60000,0x000000006bf60000)]
  0x00000000603da000 JavaThread "pool-16-thread-1" [_thread_blocked, id=11756, stack(0x000000005b4a0000,0x000000005b5a0000)]
  0x00000000603d6000 JavaThread "stdout" daemon [_thread_in_native, id=12104, stack(0x0000000069550000,0x0000000069650000)]
  0x00000000603d5800 JavaThread "stderr" daemon [_thread_in_native, id=7504, stack(0x000000006a800000,0x000000006a900000)]
  0x00000000603d4800 JavaThread "stdout" daemon [_thread_in_native, id=11100, stack(0x0000000067750000,0x0000000067850000)]
  0x000000005e109800 JavaThread "stderr" daemon [_thread_in_native, id=9408, stack(0x000000006a180000,0x000000006a280000)]
  0x000000005e108800 JavaThread "stdout" daemon [_thread_in_native, id=13100, stack(0x000000006a600000,0x000000006a700000)]
  0x000000005e108000 JavaThread "stderr" daemon [_thread_in_native, id=5440, stack(0x000000006a4f0000,0x000000006a5f0000)]
  0x000000005e107000 JavaThread "stdout" daemon [_thread_in_native, id=14784, stack(0x000000006a3b0000,0x000000006a4b0000)]
  0x000000005e106800 JavaThread "stderr" daemon [_thread_in_native, id=13276, stack(0x000000006a280000,0x000000006a380000)]
  0x000000005e105800 JavaThread "stdout" daemon [_thread_in_native, id=11348, stack(0x00000000699d0000,0x0000000069ad0000)]
  0x000000005e409000 JavaThread "stderr" daemon [_thread_in_native, id=14044, stack(0x000000006a060000,0x000000006a160000)]
  0x000000005e105000 JavaThread "stdout" daemon [_thread_in_native, id=12504, stack(0x0000000069790000,0x0000000069890000)]
  0x000000005e104000 JavaThread "stderr" daemon [_thread_in_native, id=14772, stack(0x0000000069e90000,0x0000000069f90000)]
  0x000000005e103800 JavaThread "stdout" daemon [_thread_in_native, id=14444, stack(0x0000000069cb0000,0x0000000069db0000)]
  0x000000005e102800 JavaThread "stderr" daemon [_thread_in_native, id=14844, stack(0x0000000069af0000,0x0000000069bf0000)]
  0x000000005b74d000 JavaThread "stdout" daemon [_thread_in_native, id=14504, stack(0x00000000698c0000,0x00000000699c0000)]
  0x000000005b74c000 JavaThread "stderr" daemon [_thread_in_native, id=14508, stack(0x0000000069690000,0x0000000069790000)]
  0x000000005b74b800 JavaThread "stdout" daemon [_thread_in_native, id=12392, stack(0x0000000069430000,0x0000000069530000)]
  0x000000005b74a800 JavaThread "stderr" daemon [_thread_in_native, id=11016, stack(0x00000000690a0000,0x00000000691a0000)]
  0x000000005b74a000 JavaThread "stdout" daemon [_thread_in_native, id=13520, stack(0x0000000068cf0000,0x0000000068df0000)]
  0x000000005b749000 JavaThread "stderr" daemon [_thread_in_native, id=1068, stack(0x0000000069330000,0x0000000069430000)]
  0x000000005b748800 JavaThread "stdout" daemon [_thread_in_native, id=4848, stack(0x00000000691c0000,0x00000000692c0000)]
  0x000000005b747800 JavaThread "stderr" daemon [_thread_in_native, id=11028, stack(0x0000000068f60000,0x0000000069060000)]
  0x000000005b747000 JavaThread "stdout" daemon [_thread_in_native, id=14280, stack(0x0000000067d50000,0x0000000067e50000)]
  0x000000005b746000 JavaThread "stderr" daemon [_thread_in_native, id=13160, stack(0x0000000068e40000,0x0000000068f40000)]
  0x000000005e40c000 JavaThread "stdout" daemon [_thread_in_native, id=13228, stack(0x0000000068be0000,0x0000000068ce0000)]
  0x000000005e40b800 JavaThread "stderr" daemon [_thread_in_native, id=12548, stack(0x0000000068840000,0x0000000068940000)]
  0x000000005e40a800 JavaThread "stdout" daemon [_thread_in_native, id=15072, stack(0x0000000068aa0000,0x0000000068ba0000)]
  0x000000005e40a000 JavaThread "stderr" daemon [_thread_in_native, id=7524, stack(0x00000000689a0000,0x0000000068aa0000)]
  0x000000005e408000 JavaThread "stdout" daemon [_thread_in_native, id=11492, stack(0x0000000068740000,0x0000000068840000)]
  0x000000005e407800 JavaThread "stderr" daemon [_thread_in_native, id=11196, stack(0x0000000068610000,0x0000000068710000)]
  0x000000005e406800 JavaThread "stdout" daemon [_thread_in_native, id=12084, stack(0x0000000068420000,0x0000000068520000)]
  0x000000005e406000 JavaThread "stderr" daemon [_thread_in_native, id=12176, stack(0x0000000067fa0000,0x00000000680a0000)]
  0x000000005e405000 JavaThread "stdout" daemon [_thread_in_native, id=15220, stack(0x0000000068290000,0x0000000068390000)]
  0x000000005eeaf000 JavaThread "stderr" daemon [_thread_in_native, id=15324, stack(0x00000000680a0000,0x00000000681a0000)]
  0x000000005eeae000 JavaThread "stdout" daemon [_thread_in_native, id=13164, stack(0x0000000067e60000,0x0000000067f60000)]
  0x000000005eead800 JavaThread "stderr" daemon [_thread_in_native, id=13984, stack(0x0000000067b00000,0x0000000067c00000)]
  0x000000005eeac800 JavaThread "stdout" daemon [_thread_in_native, id=5556, stack(0x0000000067c50000,0x0000000067d50000)]
  0x000000005eeac000 JavaThread "stderr" daemon [_thread_in_native, id=14408, stack(0x00000000679b0000,0x0000000067ab0000)]
  0x000000005eeab000 JavaThread "stdout" daemon [_thread_in_native, id=11960, stack(0x0000000067850000,0x0000000067950000)]
  0x000000005eeaa800 JavaThread "stderr" daemon [_thread_in_native, id=9100, stack(0x0000000067640000,0x0000000067740000)]
  0x000000005eea9800 JavaThread "png-cruncher_20" daemon [_thread_blocked, id=7132, stack(0x0000000067470000,0x0000000067570000)]
  0x000000005eea9000 JavaThread "png-cruncher_19" daemon [_thread_blocked, id=13252, stack(0x0000000066c90000,0x0000000066d90000)]
  0x000000005eea8000 JavaThread "png-cruncher_18" daemon [_thread_blocked, id=12980, stack(0x0000000067100000,0x0000000067200000)]
  0x00000000574f4800 JavaThread "png-cruncher_17" daemon [_thread_blocked, id=12860, stack(0x0000000065f80000,0x0000000066080000)]
  0x00000000574f4000 JavaThread "png-cruncher_16" daemon [_thread_blocked, id=12292, stack(0x0000000067370000,0x0000000067470000)]
  0x00000000574f3000 JavaThread "png-cruncher_15" daemon [_thread_blocked, id=11488, stack(0x0000000067210000,0x0000000067310000)]
  0x00000000574f2800 JavaThread "png-cruncher_14" daemon [_thread_blocked, id=11344, stack(0x0000000066eb0000,0x0000000066fb0000)]
  0x00000000574f1800 JavaThread "png-cruncher_13" daemon [_thread_blocked, id=1740, stack(0x0000000066fb0000,0x00000000670b0000)]
  0x00000000574f1000 JavaThread "png-cruncher_12" daemon [_thread_blocked, id=14228, stack(0x0000000065d30000,0x0000000065e30000)]
  0x00000000574f0000 JavaThread "png-cruncher_11" daemon [_thread_blocked, id=5244, stack(0x0000000066db0000,0x0000000066eb0000)]
  0x00000000574ef800 JavaThread "png-cruncher_10" daemon [_thread_blocked, id=11956, stack(0x0000000066b90000,0x0000000066c90000)]
  0x00000000574ee800 JavaThread "png-cruncher_9" daemon [_thread_blocked, id=15028, stack(0x0000000066a70000,0x0000000066b70000)]
  0x00000000574ee000 JavaThread "png-cruncher_8" daemon [_thread_blocked, id=1904, stack(0x0000000066970000,0x0000000066a70000)]
  0x000000005e384800 JavaThread "png-cruncher_7" daemon [_thread_blocked, id=6804, stack(0x0000000066870000,0x0000000066970000)]
  0x000000005e383800 JavaThread "png-cruncher_6" daemon [_thread_blocked, id=13128, stack(0x0000000066670000,0x0000000066770000)]
  0x000000005e383000 JavaThread "png-cruncher_5" daemon [_thread_blocked, id=2472, stack(0x00000000664d0000,0x00000000665d0000)]
  0x000000005e382000 JavaThread "png-cruncher_4" daemon [_thread_blocked, id=15148, stack(0x00000000663c0000,0x00000000664c0000)]
  0x000000005e381800 JavaThread "png-cruncher_3" daemon [_thread_blocked, id=8012, stack(0x0000000066290000,0x0000000066390000)]
  0x000000005e380800 JavaThread "png-cruncher_2" daemon [_thread_blocked, id=13784, stack(0x00000000660a0000,0x00000000661a0000)]
  0x000000005e380000 JavaThread "png-cruncher_1" daemon [_thread_blocked, id=10920, stack(0x0000000065e70000,0x0000000065f70000)]
  0x000000005c1fb000 JavaThread "pool-6-thread-2" [_thread_blocked, id=13372, stack(0x00000000588b0000,0x00000000589b0000)]
  0x000000005c1fa000 JavaThread "pool-6-thread-1" [_thread_blocked, id=13152, stack(0x000000005dee0000,0x000000005dfe0000)]
  0x000000005a044000 JavaThread "File lock request listener" [_thread_in_native, id=14900, stack(0x000000005cbb0000,0x000000005ccb0000)]
  0x00000000574cc800 JavaThread "Incoming local TCP Connector on port 52211" [_thread_in_native, id=14016, stack(0x0000000057560000,0x0000000057660000)]
  0x0000000057489000 JavaThread "pool-1-thread-1" [_thread_blocked, id=13928, stack(0x0000000057740000,0x0000000057840000)]
  0x0000000054baf800 JavaThread "Service Thread" daemon [_thread_blocked, id=6040, stack(0x0000000056c50000,0x0000000056d50000)]
  0x0000000054bae000 JavaThread "C1 CompilerThread2" daemon [_thread_blocked, id=14700, stack(0x0000000056b40000,0x0000000056c40000)]
  0x0000000054bad000 JavaThread "C2 CompilerThread1" daemon [_thread_blocked, id=14380, stack(0x0000000056910000,0x0000000056a10000)]
  0x0000000054bab000 JavaThread "C2 CompilerThread0" daemon [_thread_blocked, id=13624, stack(0x0000000056720000,0x0000000056820000)]
  0x0000000055eaf000 JavaThread "Attach Listener" daemon [_thread_blocked, id=14836, stack(0x00000000564b0000,0x00000000565b0000)]
  0x0000000055eba800 JavaThread "Signal Dispatcher" daemon [_thread_blocked, id=12596, stack(0x00000000562d0000,0x00000000563d0000)]
  0x0000000054b3f800 JavaThread "Finalizer" daemon [_thread_blocked, id=14956, stack(0x0000000055da0000,0x0000000055ea0000)]
  0x0000000054b3a000 JavaThread "Reference Handler" daemon [_thread_blocked, id=10860, stack(0x0000000055ab0000,0x0000000055bb0000)]
  0x000000000215f000 JavaThread "main" [_thread_blocked, id=15136, stack(0x0000000002240000,0x0000000002340000)]

Other Threads:
  0x0000000054b36800 VMThread [stack: 0x0000000055bb0000,0x0000000055cb0000] [id=14540]
  0x0000000055ec4000 WatcherThread [stack: 0x00000000565d0000,0x00000000566d0000] [id=14224]

VM state:synchronizing (normal execution)

VM Mutex/Monitor currently owned by a thread:  ([mutex/lock_event])
[0x000000000215cf90] Safepoint_lock - owner thread: 0x0000000054b36800
[0x000000000215d010] Threads_lock - owner thread: 0x0000000054b36800

Heap:
 PSYoungGen      total 268800K, used 43209K [0x00000000eab00000, 0x0000000100000000, 0x0000000100000000)
  eden space 185856K, 13% used [0x00000000eab00000,0x00000000ec328ea8,0x00000000f6080000)
  from space 82944K, 22% used [0x00000000faf00000,0x00000000fc1095c8,0x0000000100000000)
  to   space 80384K, 0% used [0x00000000f6080000,0x00000000f6080000,0x00000000faf00000)
 ParOldGen       total 140800K, used 91377K [0x00000000c0000000, 0x00000000c8980000, 0x00000000eab00000)
  object space 140800K, 64% used [0x00000000c0000000,0x00000000c593c6b0,0x00000000c8980000)
 Metaspace       used 123578K, capacity 129256K, committed 130688K, reserved 1161216K
  class space    used 16677K, capacity 17669K, committed 18048K, reserved 1048576K

Card table byte_map: [0x0000000011700000,0x0000000011910000] byte_map_base: 0x0000000011100000

Marking Bits: (ParMarkBitMap*) 0x000000005b1b13b0
 Begin Bits: [0x0000000011fb0000, 0x0000000012fb0000)
 End Bits:   [0x0000000012fb0000, 0x0000000013fb0000)

Polling page: 0x0000000000120000

CodeCache: size=245760Kb used=60872Kb max_used=72135Kb free=184887Kb
 bounds [0x0000000002340000, 0x0000000006af0000, 0x0000000011340000]
 total_blobs=20078 nmethods=19203 adapters=783
 compilation: enabled

Compilation events (10 events):
Event: 2818.346 Thread 0x0000000054bae000 55140       3       com.google.common.base.Predicates$OrPredicate::apply (47 bytes)
Event: 2818.347 Thread 0x0000000054bae000 nmethod 55140 0x0000000002af0a50 code [0x0000000002af0c00, 0x0000000002af11a8]
Event: 2818.349 Thread 0x0000000054bab000 nmethod 55124 0x000000000527f750 code [0x000000000527ff00, 0x0000000005286ef8]
Event: 2818.349 Thread 0x0000000054bab000 55126       4       java.lang.invoke.LambdaForm$DMH/273741205::invokeStatic_L_L (14 bytes)
Event: 2818.350 Thread 0x0000000054bab000 nmethod 55126 0x0000000003766250 code [0x00000000037663a0, 0x0000000003766448]
Event: 2818.350 Thread 0x0000000054bab000 55130       4       com.android.builder.internal.packaging.zip.ZFile$1::read (180 bytes)
Event: 2818.356 Thread 0x0000000054bab000 nmethod 55130 0x0000000002d47ed0 code [0x0000000002d48040, 0x0000000002d483b8]
Event: 2818.357 Thread 0x0000000054bab000 55122       4       com.sun.org.apache.xpath.internal.compiler.OpMap::getFirstPredicateOpPos (87 bytes)
Event: 2818.360 Thread 0x0000000054bab000 nmethod 55122 0x00000000066a7b10 code [0x00000000066a7c80, 0x00000000066a7e98]
Event: 2818.360 Thread 0x0000000054bab000 55131       4       com.android.builder.internal.packaging.zip.ZFile::directRead (148 bytes)

GC Heap History (10 events):
Event: 2799.559 GC heap before
{Heap before GC invocations=90 (full 16):
 PSYoungGen      total 203776K, used 176128K [0x00000000eab00000, 0x00000000ffa00000, 0x0000000100000000)
  eden space 176128K, 100% used [0x00000000eab00000,0x00000000f5700000,0x00000000f5700000)
  from space 27648K, 0% used [0x00000000f5700000,0x00000000f5700000,0x00000000f7200000)
  to   space 82944K, 0% used [0x00000000fa900000,0x00000000fa900000,0x00000000ffa00000)
 ParOldGen       total 140800K, used 91353K [0x00000000c0000000, 0x00000000c8980000, 0x00000000eab00000)
  object space 140800K, 64% used [0x00000000c0000000,0x00000000c59366b0,0x00000000c8980000)
 Metaspace       used 122146K, capacity 127674K, committed 129792K, reserved 1161216K
  class space    used 16533K, capacity 17486K, committed 17920K, reserved 1048576K
Event: 2799.623 GC heap after
Heap after GC invocations=90 (full 16):
 PSYoungGen      total 260608K, used 8656K [0x00000000eab00000, 0x0000000100000000, 0x0000000100000000)
  eden space 177664K, 0% used [0x00000000eab00000,0x00000000eab00000,0x00000000f5880000)
  from space 82944K, 10% used [0x00000000fa900000,0x00000000fb174030,0x00000000ffa00000)
  to   space 82432K, 0% used [0x00000000f5880000,0x00000000f5880000,0x00000000fa900000)
 ParOldGen       total 140800K, used 91361K [0x00000000c0000000, 0x00000000c8980000, 0x00000000eab00000)
  object space 140800K, 64% used [0x00000000c0000000,0x00000000c59386b0,0x00000000c8980000)
 Metaspace       used 122146K, capacity 127674K, committed 129792K, reserved 1161216K
  class space    used 16533K, capacity 17486K, committed 17920K, reserved 1048576K
}
Event: 2804.142 GC heap before
{Heap before GC invocations=91 (full 16):
 PSYoungGen      total 260608K, used 186320K [0x00000000eab00000, 0x0000000100000000, 0x0000000100000000)
  eden space 177664K, 100% used [0x00000000eab00000,0x00000000f5880000,0x00000000f5880000)
  from space 82944K, 10% used [0x00000000fa900000,0x00000000fb174030,0x00000000ffa00000)
  to   space 82432K, 0% used [0x00000000f5880000,0x00000000f5880000,0x00000000fa900000)
 ParOldGen       total 140800K, used 91361K [0x00000000c0000000, 0x00000000c8980000, 0x00000000eab00000)
  object space 140800K, 64% used [0x00000000c0000000,0x00000000c59386b0,0x00000000c8980000)
 Metaspace       used 122237K, capacity 127794K, committed 129792K, reserved 1161216K
  class space    used 16539K, capacity 17496K, committed 17920K, reserved 1048576K
Event: 2804.176 GC heap after
Heap after GC invocations=91 (full 16):
 PSYoungGen      total 260096K, used 13384K [0x00000000eab00000, 0x00000000ffb80000, 0x0000000100000000)
  eden space 177664K, 0% used [0x00000000eab00000,0x00000000eab00000,0x00000000f5880000)
  from space 82432K, 16% used [0x00000000f5880000,0x00000000f6592208,0x00000000fa900000)
  to   space 80384K, 0% used [0x00000000fad00000,0x00000000fad00000,0x00000000ffb80000)
 ParOldGen       total 140800K, used 91361K [0x00000000c0000000, 0x00000000c8980000, 0x00000000eab00000)
  object space 140800K, 64% used [0x00000000c0000000,0x00000000c59386b0,0x00000000c8980000)
 Metaspace       used 122237K, capacity 127794K, committed 129792K, reserved 1161216K
  class space    used 16539K, capacity 17496K, committed 17920K, reserved 1048576K
}
Event: 2805.014 GC heap before
{Heap before GC invocations=92 (full 16):
 PSYoungGen      total 260096K, used 191048K [0x00000000eab00000, 0x00000000ffb80000, 0x0000000100000000)
  eden space 177664K, 100% used [0x00000000eab00000,0x00000000f5880000,0x00000000f5880000)
  from space 82432K, 16% used [0x00000000f5880000,0x00000000f6592208,0x00000000fa900000)
  to   space 80384K, 0% used [0x00000000fad00000,0x00000000fad00000,0x00000000ffb80000)
 ParOldGen       total 140800K, used 91361K [0x00000000c0000000, 0x00000000c8980000, 0x00000000eab00000)
  object space 140800K, 64% used [0x00000000c0000000,0x00000000c59386b0,0x00000000c8980000)
 Metaspace       used 122511K, capacity 128086K, committed 129792K, reserved 1161216K
  class space    used 16571K, capacity 17532K, committed 17920K, reserved 1048576K
Event: 2805.094 GC heap after
Heap after GC invocations=92 (full 16):
 PSYoungGen      total 263168K, used 34862K [0x00000000eab00000, 0x00000000ff800000, 0x0000000100000000)
  eden space 186368K, 0% used [0x00000000eab00000,0x00000000eab00000,0x00000000f6100000)
  from space 76800K, 45% used [0x00000000fad00000,0x00000000fcf0bbb8,0x00000000ff800000)
  to   space 77312K, 0% used [0x00000000f6100000,0x00000000f6100000,0x00000000fac80000)
 ParOldGen       total 140800K, used 91369K [0x00000000c0000000, 0x00000000c8980000, 0x00000000eab00000)
  object space 140800K, 64% used [0x00000000c0000000,0x00000000c593a6b0,0x00000000c8980000)
 Metaspace       used 122511K, capacity 128086K, committed 129792K, reserved 1161216K
  class space    used 16571K, capacity 17532K, committed 17920K, reserved 1048576K
}
Event: 2807.222 GC heap before
{Heap before GC invocations=93 (full 16):
 PSYoungGen      total 263168K, used 221230K [0x00000000eab00000, 0x00000000ff800000, 0x0000000100000000)
  eden space 186368K, 100% used [0x00000000eab00000,0x00000000f6100000,0x00000000f6100000)
  from space 76800K, 45% used [0x00000000fad00000,0x00000000fcf0bbb8,0x00000000ff800000)
  to   space 77312K, 0% used [0x00000000f6100000,0x00000000f6100000,0x00000000fac80000)
 ParOldGen       total 140800K, used 91369K [0x00000000c0000000, 0x00000000c8980000, 0x00000000eab00000)
  object space 140800K, 64% used [0x00000000c0000000,0x00000000c593a6b0,0x00000000c8980000)
 Metaspace       used 123564K, capacity 129192K, committed 130688K, reserved 1161216K
  class space    used 16677K, capacity 17669K, committed 18048K, reserved 1048576K
Event: 2807.429 GC heap after
Heap after GC invocations=93 (full 16):
 PSYoungGen      total 263680K, used 57959K [0x00000000eab00000, 0x0000000100000000, 0x0000000100000000)
  eden space 186368K, 0% used [0x00000000eab00000,0x00000000eab00000,0x00000000f6100000)
  from space 77312K, 74% used [0x00000000f6100000,0x00000000f9999fe0,0x00000000fac80000)
  to   space 82944K, 0% used [0x00000000faf00000,0x00000000faf00000,0x0000000100000000)
 ParOldGen       total 140800K, used 91369K [0x00000000c0000000, 0x00000000c8980000, 0x00000000eab00000)
  object space 140800K, 64% used [0x00000000c0000000,0x00000000c593a6b0,0x00000000c8980000)
 Metaspace       used 123564K, capacity 129192K, committed 130688K, reserved 1161216K
  class space    used 16677K, capacity 17669K, committed 18048K, reserved 1048576K
}
Event: 2818.055 GC heap before
{Heap before GC invocations=94 (full 16):
 PSYoungGen      total 263680K, used 243814K [0x00000000eab00000, 0x0000000100000000, 0x0000000100000000)
  eden space 186368K, 99% used [0x00000000eab00000,0x00000000f607fa48,0x00000000f6100000)
  from space 77312K, 74% used [0x00000000f6100000,0x00000000f9999fe0,0x00000000fac80000)
  to   space 82944K, 0% used [0x00000000faf00000,0x00000000faf00000,0x0000000100000000)
 ParOldGen       total 140800K, used 91369K [0x00000000c0000000, 0x00000000c8980000, 0x00000000eab00000)
  object space 140800K, 64% used [0x00000000c0000000,0x00000000c593a6b0,0x00000000c8980000)
 Metaspace       used 123575K, capacity 129192K, committed 130688K, reserved 1161216K
  class space    used 16677K, capacity 17669K, committed 18048K, reserved 1048576K
Event: 2818.320 GC heap after
Heap after GC invocations=94 (full 16):
 PSYoungGen      total 268800K, used 18469K [0x00000000eab00000, 0x0000000100000000, 0x0000000100000000)
  eden space 185856K, 0% used [0x00000000eab00000,0x00000000eab00000,0x00000000f6080000)
  from space 82944K, 22% used [0x00000000faf00000,0x00000000fc1095c8,0x0000000100000000)
  to   space 80384K, 0% used [0x00000000f6080000,0x00000000f6080000,0x00000000faf00000)
 ParOldGen       total 140800K, used 91377K [0x00000000c0000000, 0x00000000c8980000, 0x00000000eab00000)
  object space 140800K, 64% used [0x00000000c0000000,0x00000000c593c6b0,0x00000000c8980000)
 Metaspace       used 123575K, capacity 129192K, committed 130688K, reserved 1161216K
  class space    used 16677K, capacity 17669K, committed 18048K, reserved 1048576K
}

Deoptimization events (10 events):
Event: 2804.919 Thread 0x000000005e057000 Uncommon trap: reason=class_check action=maybe_recompile pc=0x0000000004dc3074 method=org.jetbrains.kotlin.load.java.lazy.descriptors.LazyJavaClassMemberScope.getPropertiesFromSupertypes(Lorg/jetbrains/kotlin/name/Name;)Ljava/util/Set; @ 87
Event: 2804.920 Thread 0x000000005e057000 Uncommon trap: reason=class_check action=maybe_recompile pc=0x0000000004dc3074 method=org.jetbrains.kotlin.load.java.lazy.descriptors.LazyJavaClassMemberScope.getPropertiesFromSupertypes(Lorg/jetbrains/kotlin/name/Name;)Ljava/util/Set; @ 87
Event: 2804.951 Thread 0x000000005e057000 Uncommon trap: reason=bimorphic action=maybe_recompile pc=0x0000000003b64750 method=org.jetbrains.kotlin.load.java.typeEnhancement.SignatureEnhancementKt.enhanceSignatures(Ljava/util/Collection;)Ljava/util/Collection; @ 33
Event: 2805.205 Thread 0x000000005e057000 Uncommon trap: reason=unreached action=reinterpret pc=0x0000000005386830 method=org.jetbrains.kotlin.com.intellij.psi.impl.source.tree.CoreJavaASTFactory.createLeaf(Lorg/jetbrains/kotlin/com/intellij/psi/tree/IElementType;Ljava/lang/CharSequence;)Lorg/jetb
Event: 2808.817 Thread 0x000000005e057000 Uncommon trap: reason=class_check action=maybe_recompile pc=0x00000000051bae50 method=com.sun.tools.javac.code.Types.elemtype(Lcom/sun/tools/javac/code/Type;)Lcom/sun/tools/javac/code/Type; @ 63
Event: 2809.815 Thread 0x000000005e057000 Uncommon trap: reason=bimorphic action=maybe_recompile pc=0x000000000468ae48 method=java.io.ObjectOutputStream$BlockDataOutputStream.drain()V @ 36
Event: 2809.816 Thread 0x000000005e057000 Uncommon trap: reason=bimorphic action=maybe_recompile pc=0x000000000468ae48 method=java.io.ObjectOutputStream$BlockDataOutputStream.drain()V @ 36
Event: 2817.700 Thread 0x000000005e057000 Uncommon trap: reason=class_check action=maybe_recompile pc=0x00000000052aca34 method=com.google.common.cache.LocalCache$Segment.put(Ljava/lang/Object;ILjava/lang/Object;Z)Ljava/lang/Object; @ 141
Event: 2817.701 Thread 0x000000005e057000 Uncommon trap: reason=class_check action=maybe_recompile pc=0x00000000052aca34 method=com.google.common.cache.LocalCache$Segment.put(Ljava/lang/Object;ILjava/lang/Object;Z)Ljava/lang/Object; @ 141
Event: 2817.701 Thread 0x000000005e057000 Uncommon trap: reason=class_check action=maybe_recompile pc=0x00000000052aca34 method=com.google.common.cache.LocalCache$Segment.put(Ljava/lang/Object;ILjava/lang/Object;Z)Ljava/lang/Object; @ 141

Internal exceptions (10 events):
Event: 2806.682 Thread 0x000000005e057000 Exception <a 'java/security/PrivilegedActionException'> (0x00000000f3843118) thrown at [D:\re\workspace\8-2-build-windows-amd64-cygwin\jdk8\2238\hotspot\src\share\vm\prims\jvm.cpp, line 1248]
Event: 2806.683 Thread 0x000000005e057000 Exception <a 'java/security/PrivilegedActionException'> (0x00000000f3848ca8) thrown at [D:\re\workspace\8-2-build-windows-amd64-cygwin\jdk8\2238\hotspot\src\share\vm\prims\jvm.cpp, line 1248]
Event: 2806.683 Thread 0x000000005e057000 Exception <a 'java/security/PrivilegedActionException'> (0x00000000f384f788) thrown at [D:\re\workspace\8-2-build-windows-amd64-cygwin\jdk8\2238\hotspot\src\share\vm\prims\jvm.cpp, line 1248]
Event: 2806.684 Thread 0x000000005e057000 Exception <a 'java/security/PrivilegedActionException'> (0x00000000f3854a30) thrown at [D:\re\workspace\8-2-build-windows-amd64-cygwin\jdk8\2238\hotspot\src\share\vm\prims\jvm.cpp, line 1248]
Event: 2806.690 Thread 0x000000005e057000 Exception <a 'java/security/PrivilegedActionException'> (0x00000000f385bb00) thrown at [D:\re\workspace\8-2-build-windows-amd64-cygwin\jdk8\2238\hotspot\src\share\vm\prims\jvm.cpp, line 1248]
Event: 2806.691 Thread 0x000000005e057000 Exception <a 'java/security/PrivilegedActionException'> (0x00000000f3860ed8) thrown at [D:\re\workspace\8-2-build-windows-amd64-cygwin\jdk8\2238\hotspot\src\share\vm\prims\jvm.cpp, line 1248]
Event: 2806.691 Thread 0x000000005e057000 Exception <a 'java/security/PrivilegedActionException'> (0x00000000f3866210) thrown at [D:\re\workspace\8-2-build-windows-amd64-cygwin\jdk8\2238\hotspot\src\share\vm\prims\jvm.cpp, line 1248]
Event: 2806.692 Thread 0x000000005e057000 Exception <a 'java/security/PrivilegedActionException'> (0x00000000f386af78) thrown at [D:\re\workspace\8-2-build-windows-amd64-cygwin\jdk8\2238\hotspot\src\share\vm\prims\jvm.cpp, line 1248]
Event: 2806.692 Thread 0x000000005e057000 Exception <a 'java/security/PrivilegedActionException'> (0x00000000f3872a78) thrown at [D:\re\workspace\8-2-build-windows-amd64-cygwin\jdk8\2238\hotspot\src\share\vm\prims\jvm.cpp, line 1248]
Event: 2806.693 Thread 0x000000005e057000 Exception <a 'java/security/PrivilegedActionException'> (0x00000000f3879128) thrown at [D:\re\workspace\8-2-build-windows-amd64-cygwin\jdk8\2238\hotspot\src\share\vm\prims\jvm.cpp, line 1248]

Events (10 events):
Event: 2817.831 Thread 0x0000000054bad000 flushing nmethod 0x000000000695e690
Event: 2817.831 Thread 0x0000000054bad000 flushing nmethod 0x0000000006993910
Event: 2817.831 Thread 0x0000000054bad000 flushing nmethod 0x00000000069b0290
Event: 2817.831 Thread 0x0000000054bad000 flushing nmethod 0x00000000069b1110
Event: 2818.055 Executing VM operation: ParallelGCFailedAllocation
Event: 2818.320 Executing VM operation: ParallelGCFailedAllocation done
Event: 2818.326 Executing VM operation: RevokeBias
Event: 2818.326 Executing VM operation: RevokeBias done
Event: 2818.339 Thread 0x000000005c0cb800 Thread added: 0x000000005c0cb800
Event: 2818.360 Executing VM operation: RevokeBias


Dynamic libraries:
0x000000013fed0000 - 0x000000013ff04000 	F:\jdk1.8.0\bin\java.exe
0x0000000077470000 - 0x000000007761a000 	C:\Windows\SYSTEM32\ntdll.dll
0x0000000077110000 - 0x000000007722f000 	C:\Windows\system32\kernel32.dll
0x000007fefd420000 - 0x000007fefd48a000 	C:\Windows\system32\KERNELBASE.dll
0x000007fefef20000 - 0x000007fefeffb000 	C:\Windows\system32\ADVAPI32.dll
0x000007fefd8d0000 - 0x000007fefd96f000 	C:\Windows\system32\msvcrt.dll
0x000007fefdb20000 - 0x000007fefdb3f000 	C:\Windows\SYSTEM32\sechost.dll
0x000007fefdd40000 - 0x000007fefde6d000 	C:\Windows\system32\RPCRT4.dll
0x0000000077230000 - 0x000000007732a000 	C:\Windows\system32\USER32.dll
0x000007fefd600000 - 0x000007fefd667000 	C:\Windows\system32\GDI32.dll
0x000007feff360000 - 0x000007feff36e000 	C:\Windows\system32\LPK.dll
0x000007feff6b0000 - 0x000007feff77b000 	C:\Windows\system32\USP10.dll
0x000007fefbd60000 - 0x000007fefbf54000 	C:\Windows\WinSxS\amd64_microsoft.windows.common-controls_6595b64144ccf1df_6.0.7601.18837_none_fa3b1e3d17594757\COMCTL32.dll
0x000007feff370000 - 0x000007feff3e1000 	C:\Windows\system32\SHLWAPI.dll
0x000007fefec00000 - 0x000007fefec2e000 	C:\Windows\system32\IMM32.DLL
0x000007fefee10000 - 0x000007fefef19000 	C:\Windows\system32\MSCTF.dll
0x0000000064200000 - 0x00000000642d2000 	F:\jdk1.8.0\jre\bin\msvcr100.dll
0x000000005aa00000 - 0x000000005b22a000 	F:\jdk1.8.0\jre\bin\server\jvm.dll
0x000007fee7620000 - 0x000007fee7629000 	C:\Windows\system32\WSOCK32.dll
0x000007feff580000 - 0x000007feff5cd000 	C:\Windows\system32\WS2_32.dll
0x000007fefec30000 - 0x000007fefec38000 	C:\Windows\system32\NSI.dll
0x000007fefd380000 - 0x000007fefd3bb000 	C:\Windows\system32\WINMM.dll
0x0000000077640000 - 0x0000000077647000 	C:\Windows\system32\PSAPI.DLL
0x0000000071c00000 - 0x0000000071c0f000 	F:\jdk1.8.0\jre\bin\verify.dll
0x0000000071bd0000 - 0x0000000071bf8000 	F:\jdk1.8.0\jre\bin\java.dll
0x0000000071b40000 - 0x0000000071b56000 	F:\jdk1.8.0\jre\bin\zip.dll
0x000007fefde70000 - 0x000007fefebfa000 	C:\Windows\system32\SHELL32.dll
0x000007fefdb40000 - 0x000007fefdd3c000 	C:\Windows\system32\ole32.dll
0x000007fefd150000 - 0x000007fefd15f000 	C:\Windows\system32\profapi.dll
0x000000006edd0000 - 0x000000006edea000 	F:\jdk1.8.0\jre\bin\net.dll
0x000007fefca70000 - 0x000007fefcac5000 	C:\Windows\system32\mswsock.dll
0x000007fefca60000 - 0x000007fefca67000 	C:\Windows\System32\wship6.dll
0x000000006edb0000 - 0x000000006edc1000 	F:\jdk1.8.0\jre\bin\nio.dll
0x000007fef3aa0000 - 0x000007fef3ab2000 	C:\Users\admin\.gradle\caches\2.2.1\native\19\windows-amd64\native-platform.dll
0x000007fefcad0000 - 0x000007fefcae8000 	C:\Windows\system32\CRYPTSP.dll
0x000007fefc7b0000 - 0x000007fefc7f7000 	C:\Windows\system32\rsaenh.dll
0x000007fefc460000 - 0x000007fefc47e000 	C:\Windows\system32\USERENV.dll
0x000007fefd080000 - 0x000007fefd08f000 	C:\Windows\system32\CRYPTBASE.dll
0x000007fefb3e0000 - 0x000007fefb3f5000 	C:\Windows\system32\NLAapi.dll
0x000007fef7ed0000 - 0x000007fef7ee5000 	C:\Windows\system32\napinsp.dll
0x000007fef7eb0000 - 0x000007fef7ec9000 	C:\Windows\system32\pnrpnsp.dll
0x000007fefc8f0000 - 0x000007fefc94b000 	C:\Windows\system32\DNSAPI.dll
0x000007fef7ea0000 - 0x000007fef7eab000 	C:\Windows\System32\winrnr.dll
0x000007fef7e80000 - 0x000007fef7e90000 	C:\Windows\system32\wshbth.dll
0x000007fefc340000 - 0x000007fefc347000 	C:\Windows\System32\wshtcpip.dll
0x000007fefb180000 - 0x000007fefb1a7000 	C:\Windows\system32\IPHLPAPI.DLL
0x000007fefb160000 - 0x000007fefb16b000 	C:\Windows\system32\WINNSI.DLL
0x000007fef9bd0000 - 0x000007fef9bd8000 	C:\Windows\system32\rasadhlp.dll
0x000007fefada0000 - 0x000007fefadf3000 	C:\Windows\System32\fwpuclnt.dll
0x0000000071b80000 - 0x0000000071b8d000 	F:\jdk1.8.0\jre\bin\management.dll
0x000007fefaa40000 - 0x000007fefaa58000 	C:\Windows\system32\dhcpcsvc.DLL
0x000007fefaa20000 - 0x000007fefaa31000 	C:\Windows\system32\dhcpcsvc6.DLL
0x000007fefd020000 - 0x000007fefd077000 	C:\Windows\system32\apphelp.dll
0x00000000739e0000 - 0x0000000073a04000 	F:\jdk1.8.0\jre\bin\sunec.dll
0x0000000074160000 - 0x0000000074169000 	F:\jdk1.8.0\jre\bin\attach.dll
0x00000000739b0000 - 0x00000000739d3000 	F:\jdk1.8.0\jre\bin\instrument.dll
0x000007fef6b90000 - 0x000007fef6cb5000 	C:\Windows\system32\dbghelp.dll

VM Arguments:
jvm_args: -XX:MaxPermSize=256m -XX:+HeapDumpOnOutOfMemoryError -Xmx1024m -Dfile.encoding=GBK -Duser.country=CN -Duser.language=zh -Duser.variant 
java_command: org.gradle.launcher.daemon.bootstrap.GradleDaemon 2.14.1
java_class_path (initial): C:\Users\admin\.gradle\caches\2.2.1\wrapper\dists\gradle-2.14.1-all\8bnwg5hd3w55iofp58khbp6yv\gradle-2.14.1\lib\gradle-launcher-2.14.1.jar
Launcher Type: SUN_STANDARD

Environment Variables:
JAVA_HOME=F:\jdk1.8.0
CLASSPATH= .;F:\jdk1.8.0\lib;F:\jdk1.8.0\lib\dt.jar;F:\jdk1.8.0\lib\tools.jar;
PATH=C:\Windows\system32;C:\Windows;C:\Windows\System32\Wbem;C:\Windows\System32\WindowsPowerShell\v1.0\;C:\Program Files (x86)\ATI Technologies\ATI.ACE\Core-Static;F:\jdk1.8.0\bin;F:\adt-bundle-windows-x86_64_20140101\sdk\platform-tools;F:\adt-bundle-windows-x86_64_20140101\sdk\tools;F:\Android_SDK\platform-tools;F:\Android_SDK\tools;D:\Program files\SVN\bin;D:\Program files\GIT\Git\cmd;D:\IDETOOL\apache-tomcat-7.0.52\bin;D:\IDETOOL\nodejs\;C:\Users\admin\AppData\Local\Programs\Python\Python35\Scripts\;C:\Users\admin\AppData\Local\Programs\Python\Python35\;D:\IDETOOL\nodejs\node_global;D:\server_java\apache-maven-3.5.2-bin\apache-maven-3.5.2\bin
USERNAME=admin
OS=Windows_NT
PROCESSOR_IDENTIFIER=Intel64 Family 6 Model 69 Stepping 1, GenuineIntel



---------------  S Y S T E M  ---------------

OS: Windows 7 , 64 bit Build 7601 Service Pack 1

CPU:total 4 (2 cores per cpu, 2 threads per core) family 6 model 69 stepping 1, cmov, cx8, fxsr, mmx, sse, sse2, sse3, ssse3, sse4.1, sse4.2, popcnt, avx, avx2, aes, clmul, erms, ht, tsc, tscinvbit

Memory: 4k page, physical 8122612k(2925300k free), swap 16243364k(8470040k free)

vm_info: Java HotSpot(TM) 64-Bit Server VM (25.0-b70) for windows-amd64 JRE (1.8.0-b132), built on Mar  4 2014 03:46:18 by "java_re" with MS VC++ 10.0 (VS2010)

time: Fri Dec 22 17:39:31 2017
elapsed time: 2820 seconds

